This file contains any messages produced by compilers while
running configure, to aid debugging if configure makes a mistake.

It was created by LHAPDF configure 6.1.4, which was
generated by GNU Autoconf 2.69.  Invocation command line was

  $ ./configure --prefix=/afs/cern.ch/work/h/hbehnami/WPolar/LHAPDF/LHAPDF-6.1.4/../local --with-boost=/afs/cern.ch/sw/lcg/external/Boost/1.47.0_python2.6/x86_64-slc5-gcc43-opt --with-boost-incpath=/afs/cern.ch/sw/lcg/external/Boost/1.47.0_python2.6/x86_64-slc5-gcc43-opt/include/boost-1_47

## --------- ##
## Platform. ##
## --------- ##

hostname = lxplus0151.cern.ch
uname -m = x86_64
uname -r = 2.6.32-431.29.2.el6.x86_64
uname -s = Linux
uname -v = #1 SMP Wed Sep 10 11:13:12 CEST 2014

/usr/bin/uname -p = unknown
/bin/uname -X     = unknown

/bin/arch              = x86_64
/usr/bin/arch -k       = unknown
/usr/convex/getsysinfo = unknown
/usr/bin/hostinfo      = unknown
/bin/machine           = unknown
/usr/bin/oslevel       = unknown
/bin/universe          = unknown

PATH: /afs/cern.ch/sw/lcg/contrib/gcc/4.7.2/x86_64-slc6-gcc47-opt/bin
PATH: /afs/cern.ch/user/h/hbehnami/Synopsys/installer_v2.8
PATH: /afs/cern.ch/sw/lcg/app/releases/ROOT/5.34.09/x86_64-slc6-gcc46-opt/root/bin
PATH: /afs/cern.ch/sw/lcg/contrib/gcc/4.6.3/x86_64-slc6/bin
PATH: /afs/cern.ch/cms/ccs/wm/scripts/Crab/CRAB_2_10_7_patch1/python
PATH: /afs/cern.ch/cms/ccs/wm/scripts/Crab/CRAB_2_10_7_patch1/external/DLSAPI/bin
PATH: /afs/cern.ch/project/mic/intern/cad/soft2013lnx/syn_sentaurus_G-2012.06-SP2/tcad/bin
PATH: /afs/cern.ch/group/zh/bin
PATH: /afs/cern.ch/user/h/hbehnami/scripts
PATH: /afs/cern.ch/cms/caf/scripts
PATH: /cvmfs/cms.cern.ch/common
PATH: /cvmfs/cms.cern.ch/bin
PATH: /usr/sue/bin
PATH: /usr/lib64/qt-3.3/bin
PATH: /usr/kerberos/sbin
PATH: /usr/kerberos/bin
PATH: /usr/local/bin
PATH: /bin
PATH: /usr/bin
PATH: /usr/local/sbin
PATH: /usr/sbin
PATH: /sbin
PATH: /afs/cern.ch/user/h/hbehnami/bin


## ----------- ##
## Core tests. ##
## ----------- ##

configure:2541: checking for a BSD-compatible install
configure:2609: result: /usr/bin/install -c
configure:2620: checking whether build environment is sane
configure:2675: result: yes
configure:2826: checking for a thread-safe mkdir -p
configure:2865: result: /bin/mkdir -p
configure:2872: checking for gawk
configure:2888: found /bin/gawk
configure:2899: result: gawk
configure:2910: checking whether make sets $(MAKE)
configure:2932: result: yes
configure:2961: checking whether make supports nested variables
configure:2978: result: yes
configure:3114: checking whether make supports nested variables
configure:3131: result: yes
configure:3205: checking for sw_vers
configure:3235: result: no
configure:3344: checking for g++
configure:3360: found /afs/cern.ch/sw/lcg/contrib/gcc/4.7.2/x86_64-slc6-gcc47-opt/bin/g++
configure:3371: result: g++
configure:3398: checking for C++ compiler version
configure:3407: g++ --version >&5
g++ (GCC) 4.7.2
Copyright (C) 2012 Free Software Foundation, Inc.
This is free software; see the source for copying conditions.  There is NO
warranty; not even for MERCHANTABILITY or FITNESS FOR A PARTICULAR PURPOSE.

configure:3418: $? = 0
configure:3407: g++ -v >&5
Using built-in specs.
COLLECT_GCC=g++
COLLECT_LTO_WRAPPER=/afs/cern.ch/sw/lcg/contrib/gcc/4.7.2/x86_64-slc6-gcc47-opt/bin/../libexec/gcc/x86_64-unknown-linux-gnu/4.7.2/lto-wrapper
Target: x86_64-unknown-linux-gnu
Configured with: /build/vdiez/gcc-4.7.2/configure --prefix=/afs/cern.ch/sw/lcg/external/gcc/4.7.2/x86_64-slc6-gcc47-opt --with-mpfr=/afs/cern.ch/sw/lcg/external/mpfr/2.4.2/x86_64-slc6-gcc47-opt --with-gmp=/afs/cern.ch/sw/lcg/external/gmp/4.3.2/x86_64-slc6-gcc47-opt --with-mpc=/afs/cern.ch/sw/lcg/external/mpc/0.8.1/x86_64-slc6-gcc47-opt --enable-libstdcxx-time --enable-lto --with-libelf=/afs/cern.ch/sw/lcg/external/libelf/0.8.13/x86_64-slc6-gcc47-opt --with-ppl=/afs/cern.ch/sw/lcg/external/ppl/0.11.2/x86_64-slc6-gcc47-opt --with-cloog=/afs/cern.ch/sw/lcg/external/cloog-ppl/0.15.11/x86_64-slc6-gcc47-opt --enable-languages=c,c++,fortran,go
Thread model: posix
gcc version 4.7.2 (GCC) 
configure:3418: $? = 0
configure:3407: g++ -V >&5
g++: error: unrecognized command line option '-V'
g++: fatal error: no input files
compilation terminated.
configure:3418: $? = 1
configure:3407: g++ -qversion >&5
g++: error: unrecognized command line option '-qversion'
g++: fatal error: no input files
compilation terminated.
configure:3418: $? = 1
configure:3438: checking whether the C++ compiler works
configure:3460: g++    conftest.cpp  >&5
configure:3464: $? = 0
configure:3512: result: yes
configure:3515: checking for C++ compiler default output file name
configure:3517: result: a.out
configure:3523: checking for suffix of executables
configure:3530: g++ -o conftest    conftest.cpp  >&5
configure:3534: $? = 0
configure:3556: result: 
configure:3578: checking whether we are cross compiling
configure:3586: g++ -o conftest    conftest.cpp  >&5
configure:3590: $? = 0
configure:3597: ./conftest
configure:3601: $? = 0
configure:3616: result: no
configure:3621: checking for suffix of object files
configure:3643: g++ -c   conftest.cpp >&5
configure:3647: $? = 0
configure:3668: result: o
configure:3672: checking whether we are using the GNU C++ compiler
configure:3691: g++ -c   conftest.cpp >&5
configure:3691: $? = 0
configure:3700: result: yes
configure:3709: checking whether g++ accepts -g
configure:3729: g++ -c -g  conftest.cpp >&5
configure:3729: $? = 0
configure:3770: result: yes
configure:3804: checking for style of include used by make
configure:3832: result: GNU
configure:3858: checking dependency style of g++
configure:3969: result: gcc3
configure:3987: checking whether to include C++11 flag for testing
configure:4126: result: no
configure:4178: checking for gcc
configure:4194: found /afs/cern.ch/sw/lcg/contrib/gcc/4.7.2/x86_64-slc6-gcc47-opt/bin/gcc
configure:4205: result: gcc
configure:4434: checking for C compiler version
configure:4443: gcc --version >&5
gcc (GCC) 4.7.2
Copyright (C) 2012 Free Software Foundation, Inc.
This is free software; see the source for copying conditions.  There is NO
warranty; not even for MERCHANTABILITY or FITNESS FOR A PARTICULAR PURPOSE.

configure:4454: $? = 0
configure:4443: gcc -v >&5
Using built-in specs.
COLLECT_GCC=gcc
COLLECT_LTO_WRAPPER=/afs/cern.ch/sw/lcg/contrib/gcc/4.7.2/x86_64-slc6-gcc47-opt/bin/../libexec/gcc/x86_64-unknown-linux-gnu/4.7.2/lto-wrapper
Target: x86_64-unknown-linux-gnu
Configured with: /build/vdiez/gcc-4.7.2/configure --prefix=/afs/cern.ch/sw/lcg/external/gcc/4.7.2/x86_64-slc6-gcc47-opt --with-mpfr=/afs/cern.ch/sw/lcg/external/mpfr/2.4.2/x86_64-slc6-gcc47-opt --with-gmp=/afs/cern.ch/sw/lcg/external/gmp/4.3.2/x86_64-slc6-gcc47-opt --with-mpc=/afs/cern.ch/sw/lcg/external/mpc/0.8.1/x86_64-slc6-gcc47-opt --enable-libstdcxx-time --enable-lto --with-libelf=/afs/cern.ch/sw/lcg/external/libelf/0.8.13/x86_64-slc6-gcc47-opt --with-ppl=/afs/cern.ch/sw/lcg/external/ppl/0.11.2/x86_64-slc6-gcc47-opt --with-cloog=/afs/cern.ch/sw/lcg/external/cloog-ppl/0.15.11/x86_64-slc6-gcc47-opt --enable-languages=c,c++,fortran,go
Thread model: posix
gcc version 4.7.2 (GCC) 
configure:4454: $? = 0
configure:4443: gcc -V >&5
gcc: error: unrecognized command line option '-V'
gcc: fatal error: no input files
compilation terminated.
configure:4454: $? = 1
configure:4443: gcc -qversion >&5
gcc: error: unrecognized command line option '-qversion'
gcc: fatal error: no input files
compilation terminated.
configure:4454: $? = 1
configure:4458: checking whether we are using the GNU C compiler
configure:4477: gcc -c   conftest.c >&5
configure:4477: $? = 0
configure:4486: result: yes
configure:4495: checking whether gcc accepts -g
configure:4515: gcc -c -g  conftest.c >&5
configure:4515: $? = 0
configure:4556: result: yes
configure:4573: checking for gcc option to accept ISO C89
configure:4636: gcc  -c -g -O2  conftest.c >&5
configure:4636: $? = 0
configure:4649: result: none needed
configure:4674: checking whether gcc understands -c and -o together
configure:4696: gcc -c conftest.c -o conftest2.o
configure:4699: $? = 0
configure:4696: gcc -c conftest.c -o conftest2.o
configure:4699: $? = 0
configure:4711: result: yes
configure:4730: checking dependency style of gcc
configure:4841: result: gcc3
configure:4857: checking whether ln -s works
configure:4861: result: yes
configure:4897: checking build system type
configure:4911: result: x86_64-unknown-linux-gnu
configure:4931: checking host system type
configure:4944: result: x86_64-unknown-linux-gnu
configure:4985: checking how to print strings
configure:5012: result: printf
configure:5033: checking for a sed that does not truncate output
configure:5097: result: /bin/sed
configure:5115: checking for grep that handles long lines and -e
configure:5173: result: /bin/grep
configure:5178: checking for egrep
configure:5240: result: /bin/grep -E
configure:5245: checking for fgrep
configure:5307: result: /bin/grep -F
configure:5342: checking for ld used by gcc
configure:5409: result: /usr/bin/ld
configure:5416: checking if the linker (/usr/bin/ld) is GNU ld
configure:5431: result: yes
configure:5443: checking for BSD- or MS-compatible name lister (nm)
configure:5492: result: /usr/bin/nm -B
configure:5622: checking the name lister (/usr/bin/nm -B) interface
configure:5629: g++ -c -g -O2  conftest.cpp >&5
configure:5632: /usr/bin/nm -B "conftest.o"
configure:5635: output
0000000000000000 B some_variable
configure:5642: result: BSD nm
configure:5646: checking the maximum length of command line arguments
configure:5777: result: 1966080
configure:5794: checking whether the shell understands some XSI constructs
configure:5804: result: yes
configure:5808: checking whether the shell understands "+="
configure:5814: result: yes
configure:5849: checking how to convert x86_64-unknown-linux-gnu file names to x86_64-unknown-linux-gnu format
configure:5889: result: func_convert_file_noop
configure:5896: checking how to convert x86_64-unknown-linux-gnu file names to toolchain format
configure:5916: result: func_convert_file_noop
configure:5923: checking for /usr/bin/ld option to reload object files
configure:5930: result: -r
configure:6004: checking for objdump
configure:6020: found /usr/bin/objdump
configure:6031: result: objdump
configure:6063: checking how to recognize dependent libraries
configure:6261: result: pass_all
configure:6346: checking for dlltool
configure:6376: result: no
configure:6406: checking how to associate runtime and link libraries
configure:6433: result: printf %s\n
configure:6493: checking for ar
configure:6509: found /usr/bin/ar
configure:6520: result: ar
configure:6557: checking for archiver @FILE support
configure:6574: g++ -c -g -O2  conftest.cpp >&5
configure:6574: $? = 0
configure:6577: ar cru libconftest.a @conftest.lst >&5
configure:6580: $? = 0
configure:6585: ar cru libconftest.a @conftest.lst >&5
ar: conftest.o: No such file or directory
configure:6588: $? = 1
configure:6600: result: @
configure:6658: checking for strip
configure:6674: found /usr/bin/strip
configure:6685: result: strip
configure:6757: checking for ranlib
configure:6773: found /usr/bin/ranlib
configure:6784: result: ranlib
configure:6886: checking command to parse /usr/bin/nm -B output from gcc object
configure:7006: g++ -c -g -O2  conftest.cpp >&5
configure:7009: $? = 0
configure:7013: /usr/bin/nm -B conftest.o \| sed -n -e 's/^.*[ ]\([ABCDGIRSTW][ABCDGIRSTW]*\)[ ][ ]*\([_A-Za-z][_A-Za-z0-9]*\)$/\1 \2 \2/p' | sed '/ __gnu_lto/d' \> conftest.nm
configure:7016: $? = 0
configure:7082: g++ -o conftest -g -O2   conftest.cpp conftstm.o >&5
configure:7085: $? = 0
configure:7123: result: ok
configure:7160: checking for sysroot
configure:7190: result: no
configure:7268: g++ -c -g -O2  conftest.cpp >&5
configure:7271: $? = 0
configure:7454: checking for mt
configure:7484: result: no
configure:7504: checking if : is a manifest tool
configure:7510: : '-?'
configure:7518: result: no
configure:8160: checking how to run the C preprocessor
configure:8191: gcc -E  conftest.c
configure:8191: $? = 0
configure:8205: gcc -E  conftest.c
conftest.c:13:28: fatal error: ac_nonexistent.h: No such file or directory
compilation terminated.
configure:8205: $? = 1
configure: failed program was:
| /* confdefs.h */
| #define PACKAGE_NAME "LHAPDF"
| #define PACKAGE_TARNAME "LHAPDF"
| #define PACKAGE_VERSION "6.1.4"
| #define PACKAGE_STRING "LHAPDF 6.1.4"
| #define PACKAGE_BUGREPORT "lhapdf@projects.hepforge.org"
| #define PACKAGE_URL ""
| #define PACKAGE "LHAPDF"
| #define VERSION "6.1.4"
| #define LHAPDF_VERSION "6.1.4"
| #define LHAPDF_VERSION_CODE 60104
| /* end confdefs.h.  */
| #include <ac_nonexistent.h>
configure:8230: result: gcc -E
configure:8250: gcc -E  conftest.c
configure:8250: $? = 0
configure:8264: gcc -E  conftest.c
conftest.c:13:28: fatal error: ac_nonexistent.h: No such file or directory
compilation terminated.
configure:8264: $? = 1
configure: failed program was:
| /* confdefs.h */
| #define PACKAGE_NAME "LHAPDF"
| #define PACKAGE_TARNAME "LHAPDF"
| #define PACKAGE_VERSION "6.1.4"
| #define PACKAGE_STRING "LHAPDF 6.1.4"
| #define PACKAGE_BUGREPORT "lhapdf@projects.hepforge.org"
| #define PACKAGE_URL ""
| #define PACKAGE "LHAPDF"
| #define VERSION "6.1.4"
| #define LHAPDF_VERSION "6.1.4"
| #define LHAPDF_VERSION_CODE 60104
| /* end confdefs.h.  */
| #include <ac_nonexistent.h>
configure:8293: checking for ANSI C header files
configure:8313: gcc -c -g -O2  conftest.c >&5
configure:8313: $? = 0
configure:8386: gcc -o conftest -g -O2   conftest.c  >&5
configure:8386: $? = 0
configure:8386: ./conftest
configure:8386: $? = 0
configure:8397: result: yes
configure:8410: checking for sys/types.h
configure:8410: gcc -c -g -O2  conftest.c >&5
configure:8410: $? = 0
configure:8410: result: yes
configure:8410: checking for sys/stat.h
configure:8410: gcc -c -g -O2  conftest.c >&5
configure:8410: $? = 0
configure:8410: result: yes
configure:8410: checking for stdlib.h
configure:8410: gcc -c -g -O2  conftest.c >&5
configure:8410: $? = 0
configure:8410: result: yes
configure:8410: checking for string.h
configure:8410: gcc -c -g -O2  conftest.c >&5
configure:8410: $? = 0
configure:8410: result: yes
configure:8410: checking for memory.h
configure:8410: gcc -c -g -O2  conftest.c >&5
configure:8410: $? = 0
configure:8410: result: yes
configure:8410: checking for strings.h
configure:8410: gcc -c -g -O2  conftest.c >&5
configure:8410: $? = 0
configure:8410: result: yes
configure:8410: checking for inttypes.h
configure:8410: gcc -c -g -O2  conftest.c >&5
configure:8410: $? = 0
configure:8410: result: yes
configure:8410: checking for stdint.h
configure:8410: gcc -c -g -O2  conftest.c >&5
configure:8410: $? = 0
configure:8410: result: yes
configure:8410: checking for unistd.h
configure:8410: gcc -c -g -O2  conftest.c >&5
configure:8410: $? = 0
configure:8410: result: yes
configure:8424: checking for dlfcn.h
configure:8424: gcc -c -g -O2  conftest.c >&5
configure:8424: $? = 0
configure:8424: result: yes
configure:8640: checking for objdir
configure:8655: result: .libs
configure:8926: checking if gcc supports -fno-rtti -fno-exceptions
configure:8944: gcc -c -g -O2  -fno-rtti -fno-exceptions conftest.c >&5
cc1: warning: command line option '-fno-rtti' is valid for C++/ObjC++ but not for C [enabled by default]
configure:8948: $? = 0
configure:8961: result: no
configure:9288: checking for gcc option to produce PIC
configure:9295: result: -fPIC -DPIC
configure:9303: checking if gcc PIC flag -fPIC -DPIC works
configure:9321: gcc -c -g -O2  -fPIC -DPIC -DPIC conftest.c >&5
configure:9325: $? = 0
configure:9338: result: yes
configure:9367: checking if gcc static flag -static works
configure:9395: result: yes
configure:9410: checking if gcc supports -c -o file.o
configure:9431: gcc -c -g -O2  -o out/conftest2.o conftest.c >&5
configure:9435: $? = 0
configure:9457: result: yes
configure:9465: checking if gcc supports -c -o file.o
configure:9512: result: yes
configure:9545: checking whether the gcc linker (/usr/bin/ld -m elf_x86_64) supports shared libraries
configure:10702: result: yes
configure:10739: checking whether -lc should be explicitly linked in
configure:10747: gcc -c -g -O2  conftest.c >&5
configure:10750: $? = 0
configure:10765: gcc -shared  -fPIC -DPIC conftest.o  -v -Wl,-soname -Wl,conftest -o conftest 2\>\&1 \| /bin/grep  -lc  \>/dev/null 2\>\&1
configure:10768: $? = 0
configure:10782: result: no
configure:10942: checking dynamic linker characteristics
configure:11442: gcc -o conftest -g -O2   -Wl,-rpath -Wl,/foo conftest.c  >&5
configure:11442: $? = 0
configure:11676: result: GNU/Linux ld.so
configure:11783: checking how to hardcode library paths into programs
configure:11808: result: immediate
configure:12348: checking whether stripping libraries is possible
configure:12353: result: yes
configure:12388: checking if libtool supports shared libraries
configure:12390: result: yes
configure:12393: checking whether to build shared libraries
configure:12414: result: yes
configure:12417: checking whether to build static libraries
configure:12421: result: yes
configure:12444: checking how to run the C++ preprocessor
configure:12471: g++ -E  conftest.cpp
configure:12471: $? = 0
configure:12485: g++ -E  conftest.cpp
conftest.cpp:25:28: fatal error: ac_nonexistent.h: No such file or directory
compilation terminated.
configure:12485: $? = 1
configure: failed program was:
| /* confdefs.h */
| #define PACKAGE_NAME "LHAPDF"
| #define PACKAGE_TARNAME "LHAPDF"
| #define PACKAGE_VERSION "6.1.4"
| #define PACKAGE_STRING "LHAPDF 6.1.4"
| #define PACKAGE_BUGREPORT "lhapdf@projects.hepforge.org"
| #define PACKAGE_URL ""
| #define PACKAGE "LHAPDF"
| #define VERSION "6.1.4"
| #define LHAPDF_VERSION "6.1.4"
| #define LHAPDF_VERSION_CODE 60104
| #define STDC_HEADERS 1
| #define HAVE_SYS_TYPES_H 1
| #define HAVE_SYS_STAT_H 1
| #define HAVE_STDLIB_H 1
| #define HAVE_STRING_H 1
| #define HAVE_MEMORY_H 1
| #define HAVE_STRINGS_H 1
| #define HAVE_INTTYPES_H 1
| #define HAVE_STDINT_H 1
| #define HAVE_UNISTD_H 1
| #define HAVE_DLFCN_H 1
| #define LT_OBJDIR ".libs/"
| /* end confdefs.h.  */
| #include <ac_nonexistent.h>
configure:12510: result: g++ -E
configure:12530: g++ -E  conftest.cpp
configure:12530: $? = 0
configure:12544: g++ -E  conftest.cpp
conftest.cpp:25:28: fatal error: ac_nonexistent.h: No such file or directory
compilation terminated.
configure:12544: $? = 1
configure: failed program was:
| /* confdefs.h */
| #define PACKAGE_NAME "LHAPDF"
| #define PACKAGE_TARNAME "LHAPDF"
| #define PACKAGE_VERSION "6.1.4"
| #define PACKAGE_STRING "LHAPDF 6.1.4"
| #define PACKAGE_BUGREPORT "lhapdf@projects.hepforge.org"
| #define PACKAGE_URL ""
| #define PACKAGE "LHAPDF"
| #define VERSION "6.1.4"
| #define LHAPDF_VERSION "6.1.4"
| #define LHAPDF_VERSION_CODE 60104
| #define STDC_HEADERS 1
| #define HAVE_SYS_TYPES_H 1
| #define HAVE_SYS_STAT_H 1
| #define HAVE_STDLIB_H 1
| #define HAVE_STRING_H 1
| #define HAVE_MEMORY_H 1
| #define HAVE_STRINGS_H 1
| #define HAVE_INTTYPES_H 1
| #define HAVE_STDINT_H 1
| #define HAVE_UNISTD_H 1
| #define HAVE_DLFCN_H 1
| #define LT_OBJDIR ".libs/"
| /* end confdefs.h.  */
| #include <ac_nonexistent.h>
configure:12713: checking for ld used by g++
configure:12780: result: /usr/bin/ld -m elf_x86_64
configure:12787: checking if the linker (/usr/bin/ld -m elf_x86_64) is GNU ld
configure:12802: result: yes
configure:12857: checking whether the g++ linker (/usr/bin/ld -m elf_x86_64) supports shared libraries
configure:13859: result: yes
configure:13895: g++ -c -g -O2  conftest.cpp >&5
configure:13898: $? = 0
configure:14418: checking for g++ option to produce PIC
configure:14425: result: -fPIC -DPIC
configure:14433: checking if g++ PIC flag -fPIC -DPIC works
configure:14451: g++ -c -g -O2  -fPIC -DPIC -DPIC conftest.cpp >&5
configure:14455: $? = 0
configure:14468: result: yes
configure:14491: checking if g++ static flag -static works
configure:14519: result: yes
configure:14531: checking if g++ supports -c -o file.o
configure:14552: g++ -c -g -O2  -o out/conftest2.o conftest.cpp >&5
configure:14556: $? = 0
configure:14578: result: yes
configure:14583: checking if g++ supports -c -o file.o
configure:14630: result: yes
configure:14660: checking whether the g++ linker (/usr/bin/ld -m elf_x86_64) supports shared libraries
configure:14699: result: yes
configure:14840: checking dynamic linker characteristics
configure:15508: result: GNU/Linux ld.so
configure:15561: checking how to hardcode library paths into programs
configure:15586: result: immediate
configure:15666: Building LHAGLUE Fortran wrappers
configure:15669: Building LHAGLUE C++ wrappers
configure:15712: checking for pdflatex
configure:15730: found /usr/bin/pdflatex
configure:15742: result: /usr/bin/pdflatex
configure:15763: checking for doxygen
configure:15781: found /usr/bin/doxygen
configure:15793: result: /usr/bin/doxygen
configure:15822: checking for python
configure:15840: found /usr/bin/python
configure:15852: result: /usr/bin/python
configure:15929: checking for python version
configure:15936: result: 2.6
configure:15948: checking for python platform
configure:15955: result: linux2
configure:15981: checking for python script directory
configure:16016: result: ${prefix}/lib/python2.6/site-packages
configure:16025: checking for python extension module directory
configure:16060: result: ${exec_prefix}/lib64/python2.6/site-packages
configure:16076: checking for Cython >= 0.18
configure:16110: result: no
configure:16154: checking if the g++ compiler accepts the -pedantic flag
configure:16170: result: yes
configure:16193: checking if the g++ compiler accepts the -Wall flag
configure:16209: result: yes
configure:16232: checking if the g++ compiler accepts the -Wno-long-long flag
configure:16248: result: yes
configure:16271: checking if the g++ compiler accepts the -Qunused-arguments flag
configure:16287: result: no
configure: this is boost.m4 serial 18
configure:16342: checking for Boost headers version >= 1.41.0
configure:16413: g++ -c -g -O2  -I/afs/cern.ch/work/h/hbehnami/WPolar/LHAPDF/LHAPDF-6.1.4/../local/include -I/afs/cern.ch/sw/lcg/external/Boost/1.47.0_python2.6/x86_64-slc5-gcc43-opt/include/boost-1_47 conftest.cpp >&5
configure:16413: $? = 0
configure:16434: result: /afs/cern.ch/sw/lcg/external/Boost/1.47.0_python2.6/x86_64-slc5-gcc43-opt/include/boost-1_47
configure:16453: checking for Boost's header version
configure:16471: result: 1_47
configure:16494: checking boost/foreach.hpp usability
configure:16494: g++ -c -g -O2  -I/afs/cern.ch/work/h/hbehnami/WPolar/LHAPDF/LHAPDF-6.1.4/../local/include -I/afs/cern.ch/sw/lcg/external/Boost/1.47.0_python2.6/x86_64-slc5-gcc43-opt/include/boost-1_47 conftest.cpp >&5
configure:16494: $? = 0
configure:16494: result: yes
configure:16494: checking boost/foreach.hpp presence
configure:16494: g++ -E  -I/afs/cern.ch/work/h/hbehnami/WPolar/LHAPDF/LHAPDF-6.1.4/../local/include -I/afs/cern.ch/sw/lcg/external/Boost/1.47.0_python2.6/x86_64-slc5-gcc43-opt/include/boost-1_47 conftest.cpp
configure:16494: $? = 0
configure:16494: result: yes
configure:16494: checking for boost/foreach.hpp
configure:16494: result: yes
configure:16524: checking boost/scoped_ptr.hpp usability
configure:16524: g++ -c -g -O2  -I/afs/cern.ch/work/h/hbehnami/WPolar/LHAPDF/LHAPDF-6.1.4/../local/include -I/afs/cern.ch/sw/lcg/external/Boost/1.47.0_python2.6/x86_64-slc5-gcc43-opt/include/boost-1_47 conftest.cpp >&5
configure:16524: $? = 0
configure:16524: result: yes
configure:16524: checking boost/scoped_ptr.hpp presence
configure:16524: g++ -E  -I/afs/cern.ch/work/h/hbehnami/WPolar/LHAPDF/LHAPDF-6.1.4/../local/include -I/afs/cern.ch/sw/lcg/external/Boost/1.47.0_python2.6/x86_64-slc5-gcc43-opt/include/boost-1_47 conftest.cpp
configure:16524: $? = 0
configure:16524: result: yes
configure:16524: checking for boost/scoped_ptr.hpp
configure:16524: result: yes
configure:16553: checking boost/shared_ptr.hpp usability
configure:16553: g++ -c -g -O2  -I/afs/cern.ch/work/h/hbehnami/WPolar/LHAPDF/LHAPDF-6.1.4/../local/include -I/afs/cern.ch/sw/lcg/external/Boost/1.47.0_python2.6/x86_64-slc5-gcc43-opt/include/boost-1_47 conftest.cpp >&5
configure:16553: $? = 0
configure:16553: result: yes
configure:16553: checking boost/shared_ptr.hpp presence
configure:16553: g++ -E  -I/afs/cern.ch/work/h/hbehnami/WPolar/LHAPDF/LHAPDF-6.1.4/../local/include -I/afs/cern.ch/sw/lcg/external/Boost/1.47.0_python2.6/x86_64-slc5-gcc43-opt/include/boost-1_47 conftest.cpp
configure:16553: $? = 0
configure:16553: result: yes
configure:16553: checking for boost/shared_ptr.hpp
configure:16553: result: yes
configure:16584: checking boost/algorithm/string.hpp usability
configure:16584: g++ -c -g -O2  -I/afs/cern.ch/work/h/hbehnami/WPolar/LHAPDF/LHAPDF-6.1.4/../local/include -I/afs/cern.ch/sw/lcg/external/Boost/1.47.0_python2.6/x86_64-slc5-gcc43-opt/include/boost-1_47 conftest.cpp >&5
configure:16584: $? = 0
configure:16584: result: yes
configure:16584: checking boost/algorithm/string.hpp presence
configure:16584: g++ -E  -I/afs/cern.ch/work/h/hbehnami/WPolar/LHAPDF/LHAPDF-6.1.4/../local/include -I/afs/cern.ch/sw/lcg/external/Boost/1.47.0_python2.6/x86_64-slc5-gcc43-opt/include/boost-1_47 conftest.cpp
configure:16584: $? = 0
configure:16584: result: yes
configure:16584: checking for boost/algorithm/string.hpp
configure:16584: result: yes
configure:16615: checking boost/lexical_cast.hpp usability
configure:16615: g++ -c -g -O2  -I/afs/cern.ch/work/h/hbehnami/WPolar/LHAPDF/LHAPDF-6.1.4/../local/include -I/afs/cern.ch/sw/lcg/external/Boost/1.47.0_python2.6/x86_64-slc5-gcc43-opt/include/boost-1_47 conftest.cpp >&5
configure:16615: $? = 0
configure:16615: result: yes
configure:16615: checking boost/lexical_cast.hpp presence
configure:16615: g++ -E  -I/afs/cern.ch/work/h/hbehnami/WPolar/LHAPDF/LHAPDF-6.1.4/../local/include -I/afs/cern.ch/sw/lcg/external/Boost/1.47.0_python2.6/x86_64-slc5-gcc43-opt/include/boost-1_47 conftest.cpp
configure:16615: $? = 0
configure:16615: result: yes
configure:16615: checking for boost/lexical_cast.hpp
configure:16615: result: yes
configure:16644: checking boost/range.hpp usability
configure:16644: g++ -c -g -O2  -I/afs/cern.ch/work/h/hbehnami/WPolar/LHAPDF/LHAPDF-6.1.4/../local/include -I/afs/cern.ch/sw/lcg/external/Boost/1.47.0_python2.6/x86_64-slc5-gcc43-opt/include/boost-1_47 conftest.cpp >&5
configure:16644: $? = 0
configure:16644: result: yes
configure:16644: checking boost/range.hpp presence
configure:16644: g++ -E  -I/afs/cern.ch/work/h/hbehnami/WPolar/LHAPDF/LHAPDF-6.1.4/../local/include -I/afs/cern.ch/sw/lcg/external/Boost/1.47.0_python2.6/x86_64-slc5-gcc43-opt/include/boost-1_47 conftest.cpp
configure:16644: $? = 0
configure:16644: result: yes
configure:16644: checking for boost/range.hpp
configure:16644: result: yes
configure:16673: checking boost/bind.hpp usability
configure:16673: g++ -c -g -O2  -I/afs/cern.ch/work/h/hbehnami/WPolar/LHAPDF/LHAPDF-6.1.4/../local/include -I/afs/cern.ch/sw/lcg/external/Boost/1.47.0_python2.6/x86_64-slc5-gcc43-opt/include/boost-1_47 conftest.cpp >&5
configure:16673: $? = 0
configure:16673: result: yes
configure:16673: checking boost/bind.hpp presence
configure:16673: g++ -E  -I/afs/cern.ch/work/h/hbehnami/WPolar/LHAPDF/LHAPDF-6.1.4/../local/include -I/afs/cern.ch/sw/lcg/external/Boost/1.47.0_python2.6/x86_64-slc5-gcc43-opt/include/boost-1_47 conftest.cpp
configure:16673: $? = 0
configure:16673: result: yes
configure:16673: checking for boost/bind.hpp
configure:16673: result: yes
configure:16702: checking boost/random.hpp usability
configure:16702: g++ -c -g -O2  -I/afs/cern.ch/work/h/hbehnami/WPolar/LHAPDF/LHAPDF-6.1.4/../local/include -I/afs/cern.ch/sw/lcg/external/Boost/1.47.0_python2.6/x86_64-slc5-gcc43-opt/include/boost-1_47 conftest.cpp >&5
In file included from /afs/cern.ch/sw/lcg/external/Boost/1.47.0_python2.6/x86_64-slc5-gcc43-opt/include/boost-1_47/boost/random/detail/large_arithmetic.hpp:19:0,
                 from /afs/cern.ch/sw/lcg/external/Boost/1.47.0_python2.6/x86_64-slc5-gcc43-opt/include/boost-1_47/boost/random/detail/const_mod.hpp:23,
                 from /afs/cern.ch/sw/lcg/external/Boost/1.47.0_python2.6/x86_64-slc5-gcc43-opt/include/boost-1_47/boost/random/linear_congruential.hpp:30,
                 from /afs/cern.ch/sw/lcg/external/Boost/1.47.0_python2.6/x86_64-slc5-gcc43-opt/include/boost-1_47/boost/random/additive_combine.hpp:27,
                 from /afs/cern.ch/sw/lcg/external/Boost/1.47.0_python2.6/x86_64-slc5-gcc43-opt/include/boost-1_47/boost/random.hpp:36,
                 from conftest.cpp:68:
/afs/cern.ch/sw/lcg/external/Boost/1.47.0_python2.6/x86_64-slc5-gcc43-opt/include/boost-1_47/boost/random/detail/integer_log2.hpp:59:35: warning: always_inline function might not be inlinable [-Wattributes]
configure:16702: $? = 0
configure:16702: result: yes
configure:16702: checking boost/random.hpp presence
configure:16702: g++ -E  -I/afs/cern.ch/work/h/hbehnami/WPolar/LHAPDF/LHAPDF-6.1.4/../local/include -I/afs/cern.ch/sw/lcg/external/Boost/1.47.0_python2.6/x86_64-slc5-gcc43-opt/include/boost-1_47 conftest.cpp
configure:16702: $? = 0
configure:16702: result: yes
configure:16702: checking for boost/random.hpp
configure:16702: result: yes
configure:16731: checking boost/math/distributions/chi_squared.hpp usability
configure:16731: g++ -c -g -O2  -I/afs/cern.ch/work/h/hbehnami/WPolar/LHAPDF/LHAPDF-6.1.4/../local/include -I/afs/cern.ch/sw/lcg/external/Boost/1.47.0_python2.6/x86_64-slc5-gcc43-opt/include/boost-1_47 conftest.cpp >&5
configure:16731: $? = 0
configure:16731: result: yes
configure:16731: checking boost/math/distributions/chi_squared.hpp presence
configure:16731: g++ -E  -I/afs/cern.ch/work/h/hbehnami/WPolar/LHAPDF/LHAPDF-6.1.4/../local/include -I/afs/cern.ch/sw/lcg/external/Boost/1.47.0_python2.6/x86_64-slc5-gcc43-opt/include/boost-1_47 conftest.cpp
configure:16731: $? = 0
configure:16731: result: yes
configure:16731: checking for boost/math/distributions/chi_squared.hpp
configure:16731: result: yes
configure:16760: checking boost/math/special_functions/erf.hpp usability
configure:16760: g++ -c -g -O2  -I/afs/cern.ch/work/h/hbehnami/WPolar/LHAPDF/LHAPDF-6.1.4/../local/include -I/afs/cern.ch/sw/lcg/external/Boost/1.47.0_python2.6/x86_64-slc5-gcc43-opt/include/boost-1_47 conftest.cpp >&5
configure:16760: $? = 0
configure:16760: result: yes
configure:16760: checking boost/math/special_functions/erf.hpp presence
configure:16760: g++ -E  -I/afs/cern.ch/work/h/hbehnami/WPolar/LHAPDF/LHAPDF-6.1.4/../local/include -I/afs/cern.ch/sw/lcg/external/Boost/1.47.0_python2.6/x86_64-slc5-gcc43-opt/include/boost-1_47 conftest.cpp
configure:16760: $? = 0
configure:16760: result: yes
configure:16760: checking for boost/math/special_functions/erf.hpp
configure:16760: result: yes
configure:16781: checking if boost rvalue bug is present
configure:16819: g++ -o conftest -g -O2  -I/afs/cern.ch/work/h/hbehnami/WPolar/LHAPDF/LHAPDF-6.1.4/../local/include -I/afs/cern.ch/sw/lcg/external/Boost/1.47.0_python2.6/x86_64-slc5-gcc43-opt/include/boost-1_47  -L/afs/cern.ch/work/h/hbehnami/WPolar/LHAPDF/LHAPDF-6.1.4/../local/lib conftest.cpp  >&5
configure:16819: $? = 0
configure:16819: ./conftest
configure:16819: $? = 0
configure:16821: result: no
configure:16981: checking that generated files are newer than configure
configure:16987: result: done
configure:17042: creating ./config.status

## ---------------------- ##
## Running config.status. ##
## ---------------------- ##

This file was extended by LHAPDF config.status 6.1.4, which was
generated by GNU Autoconf 2.69.  Invocation command line was

  CONFIG_FILES    = 
  CONFIG_HEADERS  = 
  CONFIG_LINKS    = 
  CONFIG_COMMANDS = 
  $ ./config.status 

on lxplus0151.cern.ch

config.status:1207: creating Makefile
config.status:1207: creating src/Makefile
config.status:1207: creating src/yamlcpp/Makefile
config.status:1207: creating include/Makefile
config.status:1207: creating include/LHAPDF/Makefile
config.status:1207: creating examples/Makefile
config.status:1207: creating tests/Makefile
config.status:1207: creating doc/Makefile
config.status:1207: creating doc/Doxyfile
config.status:1207: creating lhapdf
config.status:1207: creating lhapdf-config
config.status:1207: creating lhapdf.pc
config.status:1207: creating wrappers/Makefile
config.status:1207: creating wrappers/python/Makefile
config.status:1207: creating wrappers/python/setup.py
config.status:1207: creating config/config.h
config.status:1207: creating include/LHAPDF/Version.h
config.status:1388: include/LHAPDF/Version.h is unchanged
config.status:1436: executing depfiles commands
config.status:1436: executing libtool commands
configure:19542: WARNING: unrecognized options: --with-boost-incpath

## ---------------- ##
## Cache variables. ##
## ---------------- ##

ac_cv_build=x86_64-unknown-linux-gnu
ac_cv_c_compiler_gnu=yes
ac_cv_cxx_compiler_gnu=yes
ac_cv_env_BOOST_ROOT_set=
ac_cv_env_BOOST_ROOT_value=
ac_cv_env_CCC_set=
ac_cv_env_CCC_value=
ac_cv_env_CC_set=
ac_cv_env_CC_value=
ac_cv_env_CFLAGS_set=
ac_cv_env_CFLAGS_value=
ac_cv_env_CPPFLAGS_set=
ac_cv_env_CPPFLAGS_value=
ac_cv_env_CPP_set=
ac_cv_env_CPP_value=
ac_cv_env_CXXCPP_set=
ac_cv_env_CXXCPP_value=
ac_cv_env_CXXFLAGS_set=
ac_cv_env_CXXFLAGS_value=
ac_cv_env_CXX_set=
ac_cv_env_CXX_value=
ac_cv_env_LDFLAGS_set=
ac_cv_env_LDFLAGS_value=
ac_cv_env_LIBS_set=
ac_cv_env_LIBS_value=
ac_cv_env_PYTHON_set=
ac_cv_env_PYTHON_value=
ac_cv_env_build_alias_set=
ac_cv_env_build_alias_value=
ac_cv_env_host_alias_set=
ac_cv_env_host_alias_value=
ac_cv_env_target_alias_set=
ac_cv_env_target_alias_value=
ac_cv_header_boost_algorithm_string_hpp=yes
ac_cv_header_boost_bind_hpp=yes
ac_cv_header_boost_foreach_hpp=yes
ac_cv_header_boost_lexical_cast_hpp=yes
ac_cv_header_boost_math_distributions_chi_squared_hpp=yes
ac_cv_header_boost_math_special_functions_erf_hpp=yes
ac_cv_header_boost_random_hpp=yes
ac_cv_header_boost_range_hpp=yes
ac_cv_header_boost_scoped_ptr_hpp=yes
ac_cv_header_boost_shared_ptr_hpp=yes
ac_cv_header_dlfcn_h=yes
ac_cv_header_inttypes_h=yes
ac_cv_header_memory_h=yes
ac_cv_header_stdc=yes
ac_cv_header_stdint_h=yes
ac_cv_header_stdlib_h=yes
ac_cv_header_string_h=yes
ac_cv_header_strings_h=yes
ac_cv_header_sys_stat_h=yes
ac_cv_header_sys_types_h=yes
ac_cv_header_unistd_h=yes
ac_cv_host=x86_64-unknown-linux-gnu
ac_cv_objext=o
ac_cv_path_DOXYGEN=/usr/bin/doxygen
ac_cv_path_EGREP='/bin/grep -E'
ac_cv_path_FGREP='/bin/grep -F'
ac_cv_path_GREP=/bin/grep
ac_cv_path_PDFLATEX=/usr/bin/pdflatex
ac_cv_path_PYTHON=/usr/bin/python
ac_cv_path_SED=/bin/sed
ac_cv_path_install='/usr/bin/install -c'
ac_cv_path_mkdir=/bin/mkdir
ac_cv_prog_AWK=gawk
ac_cv_prog_CPP='gcc -E'
ac_cv_prog_CXXCPP='g++ -E'
ac_cv_prog_ac_ct_AR=ar
ac_cv_prog_ac_ct_CC=gcc
ac_cv_prog_ac_ct_CXX=g++
ac_cv_prog_ac_ct_OBJDUMP=objdump
ac_cv_prog_ac_ct_RANLIB=ranlib
ac_cv_prog_ac_ct_STRIP=strip
ac_cv_prog_cc_c89=
ac_cv_prog_cc_g=yes
ac_cv_prog_cxx_g=yes
ac_cv_prog_make_make_set=yes
am_cv_CC_dependencies_compiler_type=gcc3
am_cv_CXX_dependencies_compiler_type=gcc3
am_cv_make_support_nested_variables=yes
am_cv_prog_cc_c_o=yes
am_cv_python_platform=linux2
am_cv_python_pyexecdir='${exec_prefix}/lib64/python2.6/site-packages'
am_cv_python_pythondir='${prefix}/lib/python2.6/site-packages'
am_cv_python_version=2.6
boost_cv_inc_path=/afs/cern.ch/sw/lcg/external/Boost/1.47.0_python2.6/x86_64-slc5-gcc43-opt/include/boost-1_47
boost_cv_lib_version=1_47
lt_cv_ar_at_file=@
lt_cv_archive_cmds_need_lc=no
lt_cv_deplibs_check_method=pass_all
lt_cv_file_magic_cmd='$MAGIC_CMD'
lt_cv_file_magic_test_file=
lt_cv_ld_reload_flag=-r
lt_cv_nm_interface='BSD nm'
lt_cv_objdir=.libs
lt_cv_path_LD=/usr/bin/ld
lt_cv_path_LDCXX='/usr/bin/ld -m elf_x86_64'
lt_cv_path_NM='/usr/bin/nm -B'
lt_cv_path_mainfest_tool=no
lt_cv_prog_compiler_c_o=yes
lt_cv_prog_compiler_c_o_CXX=yes
lt_cv_prog_compiler_pic='-fPIC -DPIC'
lt_cv_prog_compiler_pic_CXX='-fPIC -DPIC'
lt_cv_prog_compiler_pic_works=yes
lt_cv_prog_compiler_pic_works_CXX=yes
lt_cv_prog_compiler_rtti_exceptions=no
lt_cv_prog_compiler_static_works=yes
lt_cv_prog_compiler_static_works_CXX=yes
lt_cv_prog_gnu_ld=yes
lt_cv_prog_gnu_ldcxx=yes
lt_cv_sharedlib_from_linklib_cmd='printf %s\n'
lt_cv_shlibpath_overrides_runpath=no
lt_cv_sys_global_symbol_pipe='sed -n -e '\''s/^.*[	 ]\([ABCDGIRSTW][ABCDGIRSTW]*\)[	 ][	 ]*\([_A-Za-z][_A-Za-z0-9]*\)$/\1 \2 \2/p'\'' | sed '\''/ __gnu_lto/d'\'''
lt_cv_sys_global_symbol_to_c_name_address='sed -n -e '\''s/^: \([^ ]*\)[ ]*$/  {\"\1\", (void *) 0},/p'\'' -e '\''s/^[ABCDGIRSTW]* \([^ ]*\) \([^ ]*\)$/  {"\2", (void *) \&\2},/p'\'''
lt_cv_sys_global_symbol_to_c_name_address_lib_prefix='sed -n -e '\''s/^: \([^ ]*\)[ ]*$/  {\"\1\", (void *) 0},/p'\'' -e '\''s/^[ABCDGIRSTW]* \([^ ]*\) \(lib[^ ]*\)$/  {"\2", (void *) \&\2},/p'\'' -e '\''s/^[ABCDGIRSTW]* \([^ ]*\) \([^ ]*\)$/  {"lib\2", (void *) \&\2},/p'\'''
lt_cv_sys_global_symbol_to_cdecl='sed -n -e '\''s/^T .* \(.*\)$/extern int \1();/p'\'' -e '\''s/^[ABCDGIRSTW]* .* \(.*\)$/extern char \1;/p'\'''
lt_cv_sys_max_cmd_len=1966080
lt_cv_to_host_file_cmd=func_convert_file_noop
lt_cv_to_tool_file_cmd=func_convert_file_noop
py_cv_cython=no

## ----------------- ##
## Output variables. ##
## ----------------- ##

ACLOCAL='${SHELL} /afs/cern.ch/work/h/hbehnami/WPolar/LHAPDF/LHAPDF-6.1.4/config/missing aclocal-1.14'
AMDEPBACKSLASH='\'
AMDEP_FALSE='#'
AMDEP_TRUE=''
AMTAR='$${TAR-tar}'
AM_BACKSLASH='\'
AM_CPPFLAGS=''
AM_CXXFLAGS=' -pedantic  -Wall  -Wno-long-long '
AM_DEFAULT_V='$(AM_DEFAULT_VERBOSITY)'
AM_DEFAULT_VERBOSITY='0'
AM_LDFLAGS=''
AM_V='$(V)'
AR='ar'
AUTOCONF='${SHELL} /afs/cern.ch/work/h/hbehnami/WPolar/LHAPDF/LHAPDF-6.1.4/config/missing autoconf'
AUTOHEADER='${SHELL} /afs/cern.ch/work/h/hbehnami/WPolar/LHAPDF/LHAPDF-6.1.4/config/missing autoheader'
AUTOMAKE='${SHELL} /afs/cern.ch/work/h/hbehnami/WPolar/LHAPDF/LHAPDF-6.1.4/config/missing automake-1.14'
AWK='gawk'
BOOST_CPPFLAGS='-I/afs/cern.ch/sw/lcg/external/Boost/1.47.0_python2.6/x86_64-slc5-gcc43-opt/include/boost-1_47'
BOOST_ROOT=''
CC='gcc'
CCDEPMODE='depmode=gcc3'
CFLAGS='-g -O2'
CPP='gcc -E'
CPPFLAGS=' -I/afs/cern.ch/work/h/hbehnami/WPolar/LHAPDF/LHAPDF-6.1.4/../local/include'
CXX='g++'
CXXCPP='g++ -E'
CXXDEPMODE='depmode=gcc3'
CXXFLAGS='-g -O2'
CYGPATH_W='echo'
DEFS='-DHAVE_CONFIG_H'
DEPDIR='.deps'
DISTCHECK_CONFIGURE_FLAGS=' '\''--with-boost=/afs/cern.ch/sw/lcg/external/Boost/1.47.0_python2.6/x86_64-slc5-gcc43-opt'\'''
DLLTOOL='false'
DOXYGEN='/usr/bin/doxygen'
DSYMUTIL=''
DUMPBIN=''
ECHO_C=''
ECHO_N='-n'
ECHO_T=''
EGREP='/bin/grep -E'
ENABLE_LHAGLUE_CXX_FALSE='#'
ENABLE_LHAGLUE_CXX_TRUE=''
ENABLE_LHAGLUE_FALSE='#'
ENABLE_LHAGLUE_TRUE=''
EXEEXT=''
FGREP='/bin/grep -F'
GREP='/bin/grep'
HAVE_CXX11=''
INSTALL_DATA='${INSTALL} -m 644'
INSTALL_PROGRAM='${INSTALL}'
INSTALL_SCRIPT='${INSTALL}'
INSTALL_STRIP_PROGRAM='$(install_sh) -c -s'
LD='/usr/bin/ld -m elf_x86_64'
LDFLAGS=' -L/afs/cern.ch/work/h/hbehnami/WPolar/LHAPDF/LHAPDF-6.1.4/../local/lib'
LIBOBJS=''
LIBS=''
LIBTOOL='$(SHELL) $(top_builddir)/libtool'
LIPO=''
LN_S='ln -s'
LTLIBOBJS=''
MAKEINFO='${SHELL} /afs/cern.ch/work/h/hbehnami/WPolar/LHAPDF/LHAPDF-6.1.4/config/missing makeinfo'
MANIFEST_TOOL=':'
MKDIR_P='/bin/mkdir -p'
NM='/usr/bin/nm -B'
NMEDIT=''
OBJDUMP='objdump'
OBJEXT='o'
OTOOL64=''
OTOOL=''
PACKAGE='LHAPDF'
PACKAGE_BUGREPORT='lhapdf@projects.hepforge.org'
PACKAGE_NAME='LHAPDF'
PACKAGE_STRING='LHAPDF 6.1.4'
PACKAGE_TARNAME='LHAPDF'
PACKAGE_URL=''
PACKAGE_VERSION='6.1.4'
PATH_SEPARATOR=':'
PDFLATEX='/usr/bin/pdflatex'
PYTHON='/usr/bin/python'
PYTHON_EXEC_PREFIX='${exec_prefix}'
PYTHON_PATH='/afs/cern.ch/work/h/hbehnami/WPolar/LHAPDF/LHAPDF-6.1.4/../local/lib64/python2.6/site-packages'
PYTHON_PLATFORM='linux2'
PYTHON_PREFIX='${prefix}'
PYTHON_VERSION='2.6'
RANLIB='ranlib'
SED='/bin/sed'
SET_MAKE=''
SHELL='/bin/sh'
STRIP='strip'
SWVERS=''
VERSION='6.1.4'
WITH_CYTHON_FALSE=''
WITH_CYTHON_TRUE='#'
WITH_DOXYGEN_FALSE='#'
WITH_DOXYGEN_TRUE=''
WITH_OSX_FALSE=''
WITH_OSX_TRUE='#'
WITH_PDFLATEX_FALSE='#'
WITH_PDFLATEX_TRUE=''
WITH_PYTHON_FALSE='#'
WITH_PYTHON_TRUE=''
ac_ct_AR='ar'
ac_ct_CC='gcc'
ac_ct_CXX='g++'
ac_ct_DUMPBIN=''
am__EXEEXT_FALSE=''
am__EXEEXT_TRUE='#'
am__fastdepCC_FALSE='#'
am__fastdepCC_TRUE=''
am__fastdepCXX_FALSE='#'
am__fastdepCXX_TRUE=''
am__include='include'
am__isrc=''
am__leading_dot='.'
am__nodep='_no'
am__quote=''
am__tar='$${TAR-tar} chof - "$$tardir"'
am__untar='$${TAR-tar} xf -'
bindir='${exec_prefix}/bin'
build='x86_64-unknown-linux-gnu'
build_alias=''
build_cpu='x86_64'
build_os='linux-gnu'
build_vendor='unknown'
datadir='${datarootdir}'
datarootdir='${prefix}/share'
docdir='${datarootdir}/doc/${PACKAGE_TARNAME}'
dvidir='${docdir}'
exec_prefix='${prefix}'
host='x86_64-unknown-linux-gnu'
host_alias=''
host_cpu='x86_64'
host_os='linux-gnu'
host_vendor='unknown'
htmldir='${docdir}'
includedir='${prefix}/include'
infodir='${datarootdir}/info'
install_sh='${SHELL} /afs/cern.ch/work/h/hbehnami/WPolar/LHAPDF/LHAPDF-6.1.4/config/install-sh'
libdir='${exec_prefix}/lib'
libexecdir='${exec_prefix}/libexec'
localedir='${datarootdir}/locale'
localstatedir='${prefix}/var'
mandir='${datarootdir}/man'
mkdir_p='$(MKDIR_P)'
oldincludedir='/usr/include'
pdfdir='${docdir}'
pkgpyexecdir='${pyexecdir}/LHAPDF'
pkgpythondir='${pythondir}/LHAPDF'
prefix='/afs/cern.ch/work/h/hbehnami/WPolar/LHAPDF/LHAPDF-6.1.4/../local'
program_transform_name='s,x,x,'
psdir='${docdir}'
pyexecdir='${exec_prefix}/lib64/python2.6/site-packages'
pythondir='${prefix}/lib/python2.6/site-packages'
sbindir='${exec_prefix}/sbin'
sharedstatedir='${prefix}/com'
sysconfdir='${prefix}/etc'
target_alias=''

## ----------- ##
## confdefs.h. ##
## ----------- ##

/* confdefs.h */
#define PACKAGE_NAME "LHAPDF"
#define PACKAGE_TARNAME "LHAPDF"
#define PACKAGE_VERSION "6.1.4"
#define PACKAGE_STRING "LHAPDF 6.1.4"
#define PACKAGE_BUGREPORT "lhapdf@projects.hepforge.org"
#define PACKAGE_URL ""
#define PACKAGE "LHAPDF"
#define VERSION "6.1.4"
#define LHAPDF_VERSION "6.1.4"
#define LHAPDF_VERSION_CODE 60104
#define STDC_HEADERS 1
#define HAVE_SYS_TYPES_H 1
#define HAVE_SYS_STAT_H 1
#define HAVE_STDLIB_H 1
#define HAVE_STRING_H 1
#define HAVE_MEMORY_H 1
#define HAVE_STRINGS_H 1
#define HAVE_INTTYPES_H 1
#define HAVE_STDINT_H 1
#define HAVE_UNISTD_H 1
#define HAVE_DLFCN_H 1
#define LT_OBJDIR ".libs/"
#define LHAPDF_PDFLIB 1
#define LHAPDF_LHA5CXX 1
#define HAVE_BOOST 1
#define HAVE_BOOST_FOREACH_HPP 1
#define HAVE_BOOST_SCOPED_PTR_HPP 1
#define HAVE_BOOST_SHARED_PTR_HPP 1
#define HAVE_BOOST_ALGORITHM_STRING_HPP 1
#define HAVE_BOOST_LEXICAL_CAST_HPP 1
#define HAVE_BOOST_RANGE_HPP 1
#define HAVE_BOOST_BIND_HPP 1
#define HAVE_BOOST_RANDOM_HPP 1
#define HAVE_BOOST_MATH_DISTRIBUTIONS_CHI_SQUARED_HPP 1
#define HAVE_BOOST_MATH_SPECIAL_FUNCTIONS_ERF_HPP 1

configure: exit 0
